{
    "apiVersion": "v1",
    "items": [
        {
            "apiVersion": "apps.openshift.io/v1",
            "kind": "DeploymentConfig",
            "metadata": {
                "annotations": {
                    "openshift.io/generated-by": "OpenShiftNewApp"
                },
                "creationTimestamp": "2021-02-03T01:59:33Z",
                "generation": 2,
                "labels": {
                    "app": "echo",
                    "app.kubernetes.io/component": "echo",
                    "app.kubernetes.io/instance": "echo"
                },
                "managedFields": [
                    {
                        "apiVersion": "apps.openshift.io/v1",
                        "fieldsType": "FieldsV1",
                        "fieldsV1": {
                            "f:metadata": {
                                "f:annotations": {
                                    ".": {},
                                    "f:openshift.io/generated-by": {}
                                },
                                "f:labels": {
                                    ".": {},
                                    "f:app": {},
                                    "f:app.kubernetes.io/component": {},
                                    "f:app.kubernetes.io/instance": {}
                                }
                            },
                            "f:spec": {
                                "f:replicas": {},
                                "f:selector": {
                                    ".": {},
                                    "f:deploymentconfig": {}
                                },
                                "f:strategy": {
                                    "f:activeDeadlineSeconds": {},
                                    "f:rollingParams": {
                                        ".": {},
                                        "f:intervalSeconds": {},
                                        "f:maxSurge": {},
                                        "f:maxUnavailable": {},
                                        "f:timeoutSeconds": {},
                                        "f:updatePeriodSeconds": {}
                                    },
                                    "f:type": {}
                                },
                                "f:template": {
                                    ".": {},
                                    "f:metadata": {
                                        ".": {},
                                        "f:annotations": {
                                            ".": {},
                                            "f:openshift.io/generated-by": {}
                                        },
                                        "f:creationTimestamp": {},
                                        "f:labels": {
                                            ".": {},
                                            "f:deploymentconfig": {}
                                        }
                                    },
                                    "f:spec": {
                                        ".": {},
                                        "f:containers": {
                                            ".": {},
                                            "k:{\"name\":\"echo\"}": {
                                                ".": {},
                                                "f:imagePullPolicy": {},
                                                "f:name": {},
                                                "f:resources": {},
                                                "f:terminationMessagePath": {},
                                                "f:terminationMessagePolicy": {}
                                            }
                                        },
                                        "f:dnsPolicy": {},
                                        "f:restartPolicy": {},
                                        "f:schedulerName": {},
                                        "f:securityContext": {},
                                        "f:terminationGracePeriodSeconds": {}
                                    }
                                }
                            }
                        },
                        "manager": "oc",
                        "operation": "Update",
                        "time": "2021-02-03T01:59:33Z"
                    },
                    {
                        "apiVersion": "apps.openshift.io/v1",
                        "fieldsType": "FieldsV1",
                        "fieldsV1": {
                            "f:spec": {
                                "f:template": {
                                    "f:spec": {
                                        "f:containers": {
                                            "k:{\"name\":\"echo\"}": {
                                                "f:image": {}
                                            }
                                        }
                                    }
                                },
                                "f:triggers": {}
                            },
                            "f:status": {
                                "f:availableReplicas": {},
                                "f:conditions": {
                                    ".": {},
                                    "k:{\"type\":\"Available\"}": {
                                        ".": {},
                                        "f:lastTransitionTime": {},
                                        "f:lastUpdateTime": {},
                                        "f:message": {},
                                        "f:status": {},
                                        "f:type": {}
                                    },
                                    "k:{\"type\":\"Progressing\"}": {
                                        ".": {},
                                        "f:lastTransitionTime": {},
                                        "f:lastUpdateTime": {},
                                        "f:message": {},
                                        "f:reason": {},
                                        "f:status": {},
                                        "f:type": {}
                                    }
                                },
                                "f:details": {
                                    ".": {},
                                    "f:causes": {},
                                    "f:message": {}
                                },
                                "f:latestVersion": {},
                                "f:observedGeneration": {},
                                "f:readyReplicas": {},
                                "f:replicas": {},
                                "f:unavailableReplicas": {},
                                "f:updatedReplicas": {}
                            }
                        },
                        "manager": "openshift-controller-manager",
                        "operation": "Update",
                        "time": "2021-02-03T01:59:59Z"
                    }
                ],
                "name": "echo",
                "namespace": "hsaid-docker-build",
                "resourceVersion": "114249455",
                "selfLink": "/apis/apps.openshift.io/v1/namespaces/hsaid-docker-build/deploymentconfigs/echo",
                "uid": "b8f35d8b-9ba0-4f77-b71b-1b35e634a445"
            },
            "spec": {
                "replicas": 1,
                "revisionHistoryLimit": 10,
                "selector": {
                    "deploymentconfig": "echo"
                },
                "strategy": {
                    "activeDeadlineSeconds": 21600,
                    "resources": {},
                    "rollingParams": {
                        "intervalSeconds": 1,
                        "maxSurge": "25%",
                        "maxUnavailable": "25%",
                        "timeoutSeconds": 600,
                        "updatePeriodSeconds": 1
                    },
                    "type": "Rolling"
                },
                "template": {
                    "metadata": {
                        "annotations": {
                            "openshift.io/generated-by": "OpenShiftNewApp"
                        },
                        "creationTimestamp": null,
                        "labels": {
                            "deploymentconfig": "echo"
                        }
                    },
                    "spec": {
                        "containers": [
                            {
                                "image": "image-registry.openshift-image-registry.svc:5000/hsaid-docker-build/echo@sha256:bb8e378ba6b55b1e8ba3c8344880d7600bc456c1cb0f9be975948920587c2336",
                                "imagePullPolicy": "Always",
                                "name": "echo",
                                "resources": {},
                                "terminationMessagePath": "/dev/termination-log",
                                "terminationMessagePolicy": "File"
                            }
                        ],
                        "dnsPolicy": "ClusterFirst",
                        "restartPolicy": "Always",
                        "schedulerName": "default-scheduler",
                        "securityContext": {},
                        "terminationGracePeriodSeconds": 30
                    }
                },
                "test": false,
                "triggers": [
                    {
                        "type": "ConfigChange"
                    },
                    {
                        "imageChangeParams": {
                            "automatic": true,
                            "containerNames": [
                                "echo"
                            ],
                            "from": {
                                "kind": "ImageStreamTag",
                                "name": "echo:latest",
                                "namespace": "hsaid-docker-build"
                            },
                            "lastTriggeredImage": "image-registry.openshift-image-registry.svc:5000/hsaid-docker-build/echo@sha256:bb8e378ba6b55b1e8ba3c8344880d7600bc456c1cb0f9be975948920587c2336"
                        },
                        "type": "ImageChange"
                    }
                ]
            },
            "status": {
                "availableReplicas": 1,
                "conditions": [
                    {
                        "lastTransitionTime": "2021-02-03T01:59:58Z",
                        "lastUpdateTime": "2021-02-03T01:59:58Z",
                        "message": "Deployment config has minimum availability.",
                        "status": "True",
                        "type": "Available"
                    },
                    {
                        "lastTransitionTime": "2021-02-03T01:59:59Z",
                        "lastUpdateTime": "2021-02-03T01:59:59Z",
                        "message": "replication controller \"echo-1\" successfully rolled out",
                        "reason": "NewReplicationControllerAvailable",
                        "status": "True",
                        "type": "Progressing"
                    }
                ],
                "details": {
                    "causes": [
                        {
                            "type": "ConfigChange"
                        }
                    ],
                    "message": "config change"
                },
                "latestVersion": 1,
                "observedGeneration": 2,
                "readyReplicas": 1,
                "replicas": 1,
                "unavailableReplicas": 0,
                "updatedReplicas": 1
            }
        }
    ],
    "kind": "List",
    "metadata": {
        "resourceVersion": "",
        "selfLink": ""
    }
}
